TN:
SF:src\App.jsx
FN:9,App
FNF:1
FNH:1
FNDA:6,App
DA:10,6
LF:1
LH:1
BRF:0
BRH:0
end_of_record
TN:
SF:src\main.jsx
FNF:0
FNH:0
DA:7,1
LF:1
LH:1
BRF:0
BRH:0
end_of_record
TN:
SF:src\components\DepartmentComponent.jsx
FN:9,(anonymous_0)
FN:17,(anonymous_1)
FN:19,(anonymous_2)
FN:23,(anonymous_3)
FN:28,saveOrUpdateDepartment
FN:37,(anonymous_5)
FN:40,(anonymous_6)
FN:45,(anonymous_7)
FN:48,(anonymous_8)
FN:54,pageTitle
FN:62,goBack
FN:90,(anonymous_11)
FN:109,(anonymous_12)
FN:115,(anonymous_13)
FNF:14
FNH:14
FNDA:23,(anonymous_0)
FNDA:11,(anonymous_1)
FNDA:9,(anonymous_2)
FNDA:2,(anonymous_3)
FNDA:6,saveOrUpdateDepartment
FNDA:1,(anonymous_5)
FNDA:1,(anonymous_6)
FNDA:1,(anonymous_7)
FNDA:3,(anonymous_8)
FNDA:23,pageTitle
FNDA:1,goBack
FNDA:4,(anonymous_11)
FNDA:3,(anonymous_12)
FNDA:6,(anonymous_13)
DA:9,2
DA:10,23
DA:11,23
DA:13,23
DA:15,23
DA:17,23
DA:18,11
DA:20,9
DA:21,9
DA:24,2
DA:29,6
DA:30,6
DA:35,6
DA:36,2
DA:38,1
DA:41,1
DA:44,4
DA:46,1
DA:49,3
DA:55,23
DA:56,8
DA:58,15
DA:63,1
DA:66,23
DA:91,4
DA:110,3
DA:115,6
LF:27
LH:27
BRDA:35,0,0,2
BRDA:35,0,1,4
BRDA:55,1,0,8
BRDA:55,1,1,15
BRF:4
BRH:4
end_of_record
TN:
SF:src\components\EmployeeComponent.jsx
FN:10,(anonymous_0)
FN:17,(anonymous_1)
FN:19,(anonymous_2)
FN:22,(anonymous_3)
FN:38,(anonymous_4)
FN:41,(anonymous_5)
FN:47,(anonymous_6)
FN:53,saveOrUpdateEmployee
FN:66,(anonymous_8)
FN:69,(anonymous_9)
FN:74,(anonymous_10)
FN:77,(anonymous_11)
FN:84,goBack
FN:88,validateForm
FN:124,pageTitle
FN:158,(anonymous_15)
FN:183,(anonymous_16)
FN:208,(anonymous_17)
FN:235,(anonymous_18)
FN:242,(anonymous_19)
FNF:20
FNH:20
FNDA:37,(anonymous_0)
FNDA:12,(anonymous_1)
FNDA:11,(anonymous_2)
FNDA:1,(anonymous_3)
FNDA:12,(anonymous_4)
FNDA:3,(anonymous_5)
FNDA:1,(anonymous_6)
FNDA:6,saveOrUpdateEmployee
FNDA:1,(anonymous_8)
FNDA:1,(anonymous_9)
FNDA:1,(anonymous_10)
FNDA:1,(anonymous_11)
FNDA:1,goBack
FNDA:6,validateForm
FNDA:37,pageTitle
FNDA:5,(anonymous_15)
FNDA:4,(anonymous_16)
FNDA:3,(anonymous_17)
FNDA:2,(anonymous_18)
FNDA:75,(anonymous_19)
DA:10,1
DA:11,37
DA:12,37
DA:13,37
DA:14,37
DA:15,37
DA:17,37
DA:18,12
DA:20,11
DA:23,1
DA:27,37
DA:29,37
DA:31,37
DA:38,37
DA:39,12
DA:40,4
DA:42,3
DA:43,3
DA:44,3
DA:45,3
DA:48,1
DA:54,6
DA:56,6
DA:57,4
DA:64,4
DA:65,2
DA:67,1
DA:70,1
DA:73,2
DA:75,1
DA:78,1
DA:85,1
DA:89,6
DA:90,6
DA:92,6
DA:93,5
DA:95,1
DA:96,1
DA:99,6
DA:100,5
DA:102,1
DA:103,1
DA:106,6
DA:107,4
DA:109,2
DA:110,2
DA:113,6
DA:114,4
DA:116,2
DA:117,2
DA:120,6
DA:121,6
DA:125,37
DA:126,10
DA:128,27
DA:132,37
DA:159,5
DA:184,4
DA:209,3
DA:236,2
DA:243,75
LF:61
LH:61
BRDA:39,0,0,4
BRDA:39,0,1,8
BRDA:56,1,0,4
BRDA:56,1,1,2
BRDA:64,2,0,2
BRDA:64,2,1,2
BRDA:92,3,0,5
BRDA:92,3,1,1
BRDA:99,4,0,5
BRDA:99,4,1,1
BRDA:106,5,0,4
BRDA:106,5,1,2
BRDA:113,6,0,4
BRDA:113,6,1,2
BRDA:125,7,0,10
BRDA:125,7,1,27
BRDA:155,8,0,1
BRDA:155,8,1,36
BRDA:162,9,0,37
BRDA:162,9,1,1
BRDA:180,10,0,1
BRDA:180,10,1,36
BRDA:187,11,0,37
BRDA:187,11,1,1
BRDA:205,12,0,2
BRDA:205,12,1,35
BRDA:212,13,0,37
BRDA:212,13,1,2
BRDA:228,14,0,2
BRDA:228,14,1,35
BRDA:251,15,0,37
BRDA:251,15,1,2
BRF:32
BRH:32
end_of_record
TN:
SF:src\components\FooterComponent.jsx
FN:3,(anonymous_0)
FNF:1
FNH:1
FNDA:3,(anonymous_0)
DA:3,1
DA:4,3
LF:2
LH:2
BRF:0
BRH:0
end_of_record
TN:
SF:src\components\HeaderComponent.jsx
FN:4,(anonymous_0)
FNF:1
FNH:1
FNDA:5,(anonymous_0)
DA:4,1
DA:5,5
LF:2
LH:2
BRF:0
BRH:0
end_of_record
TN:
SF:src\components\ListDepartmentComponent.jsx
FN:8,(anonymous_0)
FN:12,(anonymous_1)
FN:16,listOfDepartments
FN:18,(anonymous_3)
FN:21,(anonymous_4)
FN:26,updateDepartment
FN:30,removeDepartment
FN:32,(anonymous_7)
FN:35,(anonymous_8)
FN:56,(anonymous_9)
FN:63,(anonymous_10)
FN:71,(anonymous_11)
FNF:12
FNH:12
FNDA:11,(anonymous_0)
FNDA:6,(anonymous_1)
FNDA:7,listOfDepartments
FNDA:6,(anonymous_3)
FNDA:1,(anonymous_4)
FNDA:1,updateDepartment
FNDA:2,removeDepartment
FNDA:1,(anonymous_7)
FNDA:1,(anonymous_8)
FNDA:10,(anonymous_9)
FNDA:1,(anonymous_10)
FNDA:2,(anonymous_11)
DA:8,2
DA:9,11
DA:10,11
DA:12,11
DA:13,6
DA:17,7
DA:19,6
DA:22,1
DA:27,1
DA:31,2
DA:33,1
DA:36,1
DA:40,11
DA:57,10
DA:64,1
DA:72,2
LF:16
LH:16
BRF:0
BRH:0
end_of_record
TN:
SF:src\components\ListEmployeeComponent.jsx
FN:5,(anonymous_0)
FN:9,(anonymous_1)
FN:13,getAllEmployees
FN:15,(anonymous_3)
FN:18,(anonymous_4)
FN:23,addNewEmployee
FN:27,updateEmployee
FN:31,removeEmployee
FN:34,(anonymous_8)
FN:37,(anonymous_9)
FN:59,(anonymous_10)
FN:68,(anonymous_11)
FN:75,(anonymous_12)
FNF:13
FNH:13
FNDA:11,(anonymous_0)
FNDA:6,(anonymous_1)
FNDA:7,getAllEmployees
FNDA:6,(anonymous_3)
FNDA:1,(anonymous_4)
FNDA:1,addNewEmployee
FNDA:1,updateEmployee
FNDA:2,removeEmployee
FNDA:1,(anonymous_8)
FNDA:1,(anonymous_9)
FNDA:10,(anonymous_10)
FNDA:1,(anonymous_11)
FNDA:2,(anonymous_12)
DA:5,1
DA:6,11
DA:7,11
DA:9,11
DA:10,6
DA:14,7
DA:16,6
DA:19,1
DA:24,1
DA:28,1
DA:32,2
DA:33,2
DA:35,1
DA:38,1
DA:42,11
DA:60,10
DA:68,1
DA:75,2
LF:18
LH:18
BRF:0
BRH:0
end_of_record
TN:
SF:src\services\DepartmentService.js
FN:5,(anonymous_0)
FN:15,(anonymous_1)
FN:28,(anonymous_2)
FN:40,(anonymous_3)
FN:53,(anonymous_4)
FNF:5
FNH:5
FNDA:2,(anonymous_0)
FNDA:2,(anonymous_1)
FNDA:2,(anonymous_2)
FNDA:2,(anonymous_3)
FNDA:2,(anonymous_4)
DA:3,3
DA:5,3
DA:6,2
DA:7,2
DA:8,1
DA:10,1
DA:11,1
DA:15,3
DA:16,2
DA:17,2
DA:21,1
DA:23,1
DA:24,1
DA:28,3
DA:29,2
DA:30,2
DA:33,1
DA:35,1
DA:36,1
DA:40,3
DA:41,2
DA:42,2
DA:46,1
DA:48,1
DA:49,1
DA:53,3
DA:54,2
DA:55,2
DA:58,1
DA:60,1
DA:61,1
LF:31
LH:31
BRF:0
BRH:0
end_of_record
TN:
SF:src\services\EmployeeService.js
FN:5,(anonymous_0)
FN:14,(anonymous_1)
FN:23,(anonymous_2)
FN:32,(anonymous_3)
FN:41,(anonymous_4)
FNF:5
FNH:5
FNDA:2,(anonymous_0)
FNDA:2,(anonymous_1)
FNDA:2,(anonymous_2)
FNDA:2,(anonymous_3)
FNDA:2,(anonymous_4)
DA:3,1
DA:5,1
DA:6,2
DA:7,2
DA:8,1
DA:10,1
DA:14,1
DA:15,2
DA:16,2
DA:17,1
DA:19,1
DA:23,1
DA:24,2
DA:25,2
DA:26,1
DA:28,1
DA:32,1
DA:33,2
DA:34,2
DA:35,1
DA:37,1
DA:41,1
DA:42,2
DA:43,2
DA:44,1
DA:46,1
LF:26
LH:26
BRF:0
BRH:0
end_of_record
