TN:
SF:src\App.jsx
FN:7,App
FNF:1
FNH:1
FNDA:6,App
DA:8,6
LF:1
LH:1
BRF:0
BRH:0
end_of_record
TN:
SF:src\main.jsx
FNF:0
FNH:0
DA:7,1
LF:1
LH:1
BRF:0
BRH:0
end_of_record
TN:
SF:src\components\EmployeeComponent.jsx
FN:9,(anonymous_0)
FN:24,(anonymous_1)
FN:27,(anonymous_2)
FN:32,(anonymous_3)
FN:38,saveOrUpdateEmployee
FN:52,(anonymous_5)
FN:56,(anonymous_6)
FN:61,(anonymous_7)
FN:65,(anonymous_8)
FN:72,goBack
FN:76,validateForm
FN:105,pageTitle
FN:139,(anonymous_12)
FN:164,(anonymous_13)
FN:189,(anonymous_14)
FNF:15
FNH:15
FNDA:31,(anonymous_0)
FNDA:11,(anonymous_1)
FNDA:3,(anonymous_2)
FNDA:1,(anonymous_3)
FNDA:6,saveOrUpdateEmployee
FNDA:1,(anonymous_5)
FNDA:1,(anonymous_6)
FNDA:1,(anonymous_7)
FNDA:1,(anonymous_8)
FNDA:1,goBack
FNDA:6,validateForm
FNDA:31,pageTitle
FNDA:5,(anonymous_12)
FNDA:4,(anonymous_13)
FNDA:3,(anonymous_14)
DA:9,1
DA:10,31
DA:11,31
DA:12,31
DA:14,31
DA:16,31
DA:18,31
DA:24,31
DA:25,11
DA:26,4
DA:28,3
DA:29,3
DA:30,3
DA:33,1
DA:39,6
DA:41,6
DA:42,4
DA:50,4
DA:51,2
DA:54,1
DA:57,1
DA:60,2
DA:63,1
DA:66,1
DA:73,1
DA:77,6
DA:78,6
DA:80,6
DA:81,5
DA:83,1
DA:84,1
DA:87,6
DA:88,5
DA:90,1
DA:91,1
DA:94,6
DA:95,4
DA:97,2
DA:98,2
DA:101,6
DA:102,6
DA:106,31
DA:107,9
DA:109,22
DA:113,31
DA:140,5
DA:165,4
DA:190,3
LF:48
LH:48
BRDA:25,0,0,4
BRDA:25,0,1,7
BRDA:41,1,0,4
BRDA:41,1,1,2
BRDA:50,2,0,2
BRDA:50,2,1,2
BRDA:80,3,0,5
BRDA:80,3,1,1
BRDA:87,4,0,5
BRDA:87,4,1,1
BRDA:94,5,0,4
BRDA:94,5,1,2
BRDA:106,6,0,9
BRDA:106,6,1,22
BRDA:136,7,0,1
BRDA:136,7,1,30
BRDA:143,8,0,31
BRDA:143,8,1,1
BRDA:161,9,0,1
BRDA:161,9,1,30
BRDA:168,10,0,31
BRDA:168,10,1,1
BRDA:186,11,0,2
BRDA:186,11,1,29
BRDA:193,12,0,31
BRDA:193,12,1,2
BRF:26
BRH:26
end_of_record
TN:
SF:src\components\FooterComponent.jsx
FN:3,(anonymous_0)
FNF:1
FNH:1
FNDA:3,(anonymous_0)
DA:3,1
DA:4,3
LF:2
LH:2
BRF:0
BRH:0
end_of_record
TN:
SF:src\components\HeaderComponent.jsx
FN:3,(anonymous_0)
FNF:1
FNH:1
FNDA:4,(anonymous_0)
DA:3,1
DA:4,4
LF:2
LH:2
BRF:0
BRH:0
end_of_record
TN:
SF:src\components\ListEmployeeComponent.jsx
FN:5,(anonymous_0)
FN:9,(anonymous_1)
FN:13,getAllEmployees
FN:15,(anonymous_3)
FN:18,(anonymous_4)
FN:23,addNewEmployee
FN:27,updateEmployee
FN:31,removeEmployee
FN:34,(anonymous_8)
FN:37,(anonymous_9)
FN:59,(anonymous_10)
FN:68,(anonymous_11)
FN:75,(anonymous_12)
FNF:13
FNH:13
FNDA:11,(anonymous_0)
FNDA:6,(anonymous_1)
FNDA:7,getAllEmployees
FNDA:6,(anonymous_3)
FNDA:1,(anonymous_4)
FNDA:1,addNewEmployee
FNDA:1,updateEmployee
FNDA:2,removeEmployee
FNDA:1,(anonymous_8)
FNDA:1,(anonymous_9)
FNDA:10,(anonymous_10)
FNDA:1,(anonymous_11)
FNDA:2,(anonymous_12)
DA:5,1
DA:6,11
DA:7,11
DA:9,11
DA:10,6
DA:14,7
DA:16,6
DA:19,1
DA:24,1
DA:28,1
DA:32,2
DA:33,2
DA:35,1
DA:38,1
DA:42,11
DA:60,10
DA:68,1
DA:75,2
LF:18
LH:18
BRF:0
BRH:0
end_of_record
TN:
SF:src\services\EmployeeService.js
FN:5,(anonymous_0)
FN:14,(anonymous_1)
FN:23,(anonymous_2)
FN:32,(anonymous_3)
FN:41,(anonymous_4)
FNF:5
FNH:5
FNDA:2,(anonymous_0)
FNDA:2,(anonymous_1)
FNDA:2,(anonymous_2)
FNDA:2,(anonymous_3)
FNDA:2,(anonymous_4)
DA:3,1
DA:5,1
DA:6,2
DA:7,2
DA:8,1
DA:10,1
DA:14,1
DA:15,2
DA:16,2
DA:17,1
DA:19,1
DA:23,1
DA:24,2
DA:25,2
DA:26,1
DA:28,1
DA:32,1
DA:33,2
DA:34,2
DA:35,1
DA:37,1
DA:41,1
DA:42,2
DA:43,2
DA:44,1
DA:46,1
LF:26
LH:26
BRF:0
BRH:0
end_of_record
