<?xml version="1.0" encoding="UTF-8"?>
<testsuite xmlns:xsi="http://www.w3.org/2001/XMLSchema-instance" xsi:noNamespaceSchemaLocation="https://maven.apache.org/surefire/maven-surefire-plugin/xsd/surefire-test-report.xsd" version="3.0.2" name="com.example.user.tests.UserServiceTest" time="6.647" tests="6" errors="0" skipped="0" failures="0">
  <properties>
[...]
</properties>
  <testcase name="insufficientBalanceTest" classname="com.example.user.tests.UserServiceTest" time="0.665">
    <system-out><![CDATA[12:24:29.924 [main] INFO org.springframework.test.context.support.AnnotationConfigContextLoaderUtils -- Could not detect default configuration classes for test class [com.example.user.tests.UserServiceTest]: UserServiceTest does not declare any static, non-private, non-final, nested classes annotated with @Configuration.
12:24:30.059 [main] INFO org.springframework.boot.test.context.SpringBootTestContextBootstrapper -- Found @SpringBootConfiguration com.example.user.UserServiceApplication for test class com.example.user.tests.UserServiceTest

  .   ____          _            __ _ _
 /\\ / ___'_ __ _ _(_)_ __  __ _ \ \ \ \
( ( )\___ | '_ | '_| | '_ \/ _` | \ \ \ \
 \\/  ___)| |_)| | | | | || (_| |  ) ) ) )
  '  |____| .__|_| |_|_| |_\__, | / / / /
 =========|_|==============|___/=/_/_/_/

 :: Spring Boot ::                (v3.5.0)

2025-07-07T12:24:30.465+03:00  INFO 4920 --- [           main] com.example.user.tests.UserServiceTest   : Starting UserServiceTest using Java 21 with PID 4920 (started by onurcan in D:\Program Files\GitHub\JavaSpringbootRESTMicroservices\springboot-grpc-microservices\user-service)
2025-07-07T12:24:30.466+03:00  INFO 4920 --- [           main] com.example.user.tests.UserServiceTest   : No active profile set, falling back to 1 default profile: "default"
2025-07-07T12:24:30.999+03:00  INFO 4920 --- [           main] .s.d.r.c.RepositoryConfigurationDelegate : Bootstrapping Spring Data JPA repositories in DEFAULT mode.
2025-07-07T12:24:31.080+03:00  INFO 4920 --- [           main] .s.d.r.c.RepositoryConfigurationDelegate : Finished Spring Data repository scanning in 72 ms. Found 2 JPA repository interfaces.
2025-07-07T12:24:31.630+03:00  INFO 4920 --- [           main] com.zaxxer.hikari.HikariDataSource       : HikariPool-1 - Starting...
2025-07-07T12:24:31.826+03:00  INFO 4920 --- [           main] com.zaxxer.hikari.pool.HikariPool        : HikariPool-1 - Added connection conn0: url=jdbc:h2:mem:544ed392-d895-454f-b3f2-4bbacbe4a6d9 user=SA
2025-07-07T12:24:31.828+03:00  INFO 4920 --- [           main] com.zaxxer.hikari.HikariDataSource       : HikariPool-1 - Start completed.
2025-07-07T12:24:31.916+03:00  INFO 4920 --- [           main] o.hibernate.jpa.internal.util.LogHelper  : HHH000204: Processing PersistenceUnitInfo [name: default]
2025-07-07T12:24:32.014+03:00  INFO 4920 --- [           main] org.hibernate.Version                    : HHH000412: Hibernate ORM core version 6.6.15.Final
2025-07-07T12:24:32.054+03:00  INFO 4920 --- [           main] o.h.c.internal.RegionFactoryInitiator    : HHH000026: Second-level cache disabled
2025-07-07T12:24:32.753+03:00  INFO 4920 --- [           main] o.s.o.j.p.SpringPersistenceUnitInfo      : No LoadTimeWeaver setup: ignoring JPA class transformer
2025-07-07T12:24:32.864+03:00  INFO 4920 --- [           main] org.hibernate.orm.connections.pooling    : HHH10001005: Database info:
	Database JDBC URL [Connecting through datasource 'HikariDataSource (HikariPool-1)']
	Database driver: undefined/unknown
	Database version: 2.3.232
	Autocommit mode: undefined/unknown
	Isolation level: undefined/unknown
	Minimum pool size: undefined/unknown
	Maximum pool size: undefined/unknown
2025-07-07T12:24:34.472+03:00  INFO 4920 --- [           main] o.h.e.t.j.p.i.JtaPlatformInitiator       : HHH000489: No JTA platform available (set 'hibernate.transaction.jta.platform' to enable JTA platform integration)
2025-07-07T12:24:34.688+03:00  INFO 4920 --- [           main] j.LocalContainerEntityManagerFactoryBean : Initialized JPA EntityManagerFactory for persistence unit 'default'
2025-07-07T12:24:35.140+03:00  INFO 4920 --- [           main] g.s.a.GrpcServerFactoryAutoConfiguration : 'grpc.server.in-process-name' is set: Creating InProcessGrpcServerFactory
2025-07-07T12:24:35.453+03:00  INFO 4920 --- [           main] n.d.b.g.s.s.AbstractGrpcServerFactory    : Registered gRPC service: user.UserService, bean: userService, class: com.example.user.service.UserService
2025-07-07T12:24:35.453+03:00  INFO 4920 --- [           main] n.d.b.g.s.s.AbstractGrpcServerFactory    : Registered gRPC service: grpc.health.v1.Health, bean: grpcHealthService, class: io.grpc.protobuf.services.HealthServiceImpl
2025-07-07T12:24:35.453+03:00  INFO 4920 --- [           main] n.d.b.g.s.s.AbstractGrpcServerFactory    : Registered gRPC service: grpc.reflection.v1alpha.ServerReflection, bean: protoReflectionService, class: io.grpc.protobuf.services.ProtoReflectionService
2025-07-07T12:24:35.462+03:00  INFO 4920 --- [           main] n.d.b.g.s.s.GrpcServerLifecycle          : gRPC Server started, listening on address: in-process:integration-test, port: -1
2025-07-07T12:24:35.468+03:00  INFO 4920 --- [           main] com.example.user.tests.UserServiceTest   : Started UserServiceTest in 5.271 seconds (process running for 6.287)
2025-07-07T12:24:35.484+03:00  INFO 4920 --- [           main] n.d.b.g.c.a.GrpcClientAutoConfiguration  : Detected grpc-netty-shaded: Creating ShadedNettyChannelFactory + InProcessChannelFactory
]]></system-out>
    <system-err><![CDATA[Mockito is currently self-attaching to enable the inline-mock-maker. This will no longer work in future releases of the JDK. Please add Mockito as an agent to your build as described in Mockito's documentation: https://javadoc.io/doc/org.mockito/mockito-core/latest/org.mockito/org/mockito/Mockito.html#0.3
WARNING: A Java agent has been loaded dynamically (C:\Users\onurcan\.m2\repository\net\bytebuddy\byte-buddy-agent\1.17.5\byte-buddy-agent-1.17.5.jar)
WARNING: If a serviceability tool is in use, please run with -XX:+EnableDynamicAgentLoading to hide this warning
WARNING: If a serviceability tool is not in use, please run with -Djdk.instrument.traceUsage for more information
WARNING: Dynamic loading of agents will be disallowed by default in a future release
]]></system-err>
  </testcase>
  <testcase name="userInformationTest" classname="com.example.user.tests.UserServiceTest" time="0.141"/>
  <testcase name="unknownUserTest" classname="com.example.user.tests.UserServiceTest" time="0.004"/>
  <testcase name="insufficientSharesTest" classname="com.example.user.tests.UserServiceTest" time="0.017"/>
  <testcase name="unknownTickerBuyTest" classname="com.example.user.tests.UserServiceTest" time="0.004"/>
  <testcase name="buySellTest" classname="com.example.user.tests.UserServiceTest" time="0.062"/>
</testsuite>